<?xml version="1.0" encoding="UTF-8"?>
<!-- Generated by org.testng.reporters.JUnitXMLReporter -->
<testsuite ignored="0" hostname="DESKTOP-7EGM0FB" failures="0" tests="2" name="BankingApp Test" time="40.308" errors="0" timestamp="2023-04-26T14:05:14 IST">
  <testcase classname="com.inetbanking.testCases.TC_LoginTest_001" name="loginTest" time="4.887"/>
  <testcase classname="com.inetbanking.testCases.TC_AddcustomerTest_003" name="addNewCustomer" time="21.736"/>
</testsuite> <!-- BankingApp Test -->
