<?xml version="1.0" encoding="UTF-8"?>
<testng-results ignored="0" total="2" passed="2" failed="0" skipped="0">
  <reporter-output>
  </reporter-output>
  <suite started-at="2023-04-26T14:04:34 IST" name="InetBankingV1" finished-at="2023-04-26T14:05:14 IST" duration-ms="40308">
    <groups>
    </groups>
    <test started-at="2023-04-26T14:04:34 IST" name="BankingApp Test" finished-at="2023-04-26T14:05:14 IST" duration-ms="40308">
      <class name="com.inetbanking.testCases.TC_AddcustomerTest_003">
        <test-method is-config="true" signature="setup(java.lang.String)[pri:0, instance:com.inetbanking.testCases.TC_AddcustomerTest_003@1e0b4072]" started-at="2023-04-26T14:04:47 IST" name="setup" finished-at="2023-04-26T14:04:52 IST" duration-ms="4627" status="PASS">
          <params>
            <param index="0">
              <value>
                <![CDATA[chrome]]>
              </value>
            </param>
          </params>
          <reporter-output>
          </reporter-output>
        </test-method> <!-- setup -->
        <test-method signature="addNewCustomer()[pri:0, instance:com.inetbanking.testCases.TC_AddcustomerTest_003@1e0b4072]" started-at="2023-04-26T14:04:52 IST" name="addNewCustomer" finished-at="2023-04-26T14:05:14 IST" duration-ms="21736" status="PASS">
          <reporter-output>
          </reporter-output>
        </test-method> <!-- addNewCustomer -->
        <test-method is-config="true" signature="tearDown()[pri:0, instance:com.inetbanking.testCases.TC_AddcustomerTest_003@1e0b4072]" started-at="2023-04-26T14:05:14 IST" name="tearDown" finished-at="2023-04-26T14:05:14 IST" duration-ms="178" status="PASS">
          <reporter-output>
          </reporter-output>
        </test-method> <!-- tearDown -->
      </class> <!-- com.inetbanking.testCases.TC_AddcustomerTest_003 -->
      <class name="com.inetbanking.testCases.TC_LoginTest_001">
        <test-method is-config="true" signature="setup(java.lang.String)[pri:0, instance:com.inetbanking.testCases.TC_LoginTest_001@7b36aa0c]" started-at="2023-04-26T14:04:34 IST" name="setup" finished-at="2023-04-26T14:04:42 IST" duration-ms="8140" status="PASS">
          <params>
            <param index="0">
              <value>
                <![CDATA[chrome]]>
              </value>
            </param>
          </params>
          <reporter-output>
          </reporter-output>
        </test-method> <!-- setup -->
        <test-method signature="loginTest()[pri:0, instance:com.inetbanking.testCases.TC_LoginTest_001@7b36aa0c]" started-at="2023-04-26T14:04:42 IST" name="loginTest" finished-at="2023-04-26T14:04:47 IST" duration-ms="4887" status="PASS">
          <reporter-output>
          </reporter-output>
        </test-method> <!-- loginTest -->
        <test-method is-config="true" signature="tearDown()[pri:0, instance:com.inetbanking.testCases.TC_LoginTest_001@7b36aa0c]" started-at="2023-04-26T14:04:47 IST" name="tearDown" finished-at="2023-04-26T14:04:47 IST" duration-ms="269" status="PASS">
          <reporter-output>
          </reporter-output>
        </test-method> <!-- tearDown -->
      </class> <!-- com.inetbanking.testCases.TC_LoginTest_001 -->
    </test> <!-- BankingApp Test -->
  </suite> <!-- InetBankingV1 -->
</testng-results>
